<?xml version="1.0" encoding="UTF-8"?>
<!-- Generated by org.testng.reporters.JUnitXMLReporter -->
<testsuite ignored="0" hostname="DESKTOP-4783KNG" failures="0" tests="3" name="Default test" time="12.487" errors="0" timestamp="2023-05-18T16:34:25 EET">
  <testcase classname="SWAG_LAB" name="Add_all_items_to_cart" time="0.264"/>
  <testcase classname="SWAG_LAB" name="Remove_all_items_from_cart" time="0.218"/>
  <testcase classname="SWAG_LAB" name="ordering_of_items" time="6.175"/>
</testsuite> <!-- Default test -->
